<?xml version="1.0" encoding="UTF-8"?>
<!-- Generated by org.testng.reporters.JUnitReportReporter -->
<testsuite hostname="SPCOKLAP-5140" failures="1" tests="21" name="com.test.CoreRegularizationSummary_Module.AllScenarios_CoreRegularizationSummaryModule" time="149.463" errors="0" timestamp="2025-02-05T18:42:39 IST" skipped="0">
  <testcase classname="com.test.CoreRegularizationSummary_Module.AllScenarios_CoreRegularizationSummaryModule" name="Login_and_Navigation_to_Manual_Allocation" time="23.492"/>
  <system-out/>
  <testcase classname="com.test.CoreRegularizationSummary_Module.AllScenarios_CoreRegularizationSummaryModule" name="Asset_Category_SMA_and_NPA_Selection" time="13.936"/>
  <system-out/>
  <testcase classname="com.test.CoreRegularizationSummary_Module.AllScenarios_CoreRegularizationSummaryModule" name="SMA_Category_Dropdown_Selection" time="4.236"/>
  <system-out/>
  <testcase classname="com.test.CoreRegularizationSummary_Module.AllScenarios_CoreRegularizationSummaryModule" name="NPA_Category_Dropdown_Selection" time="3.260"/>
  <system-out/>
  <testcase classname="com.test.CoreRegularizationSummary_Module.AllScenarios_CoreRegularizationSummaryModule" name="OS_Balance_Field_Validation" time="3.619"/>
  <system-out/>
  <testcase classname="com.test.CoreRegularizationSummary_Module.AllScenarios_CoreRegularizationSummaryModule" name="To_Field_Dropdown_Selection" time="3.359"/>
  <system-out/>
  <testcase classname="com.test.CoreRegularizationSummary_Module.AllScenarios_CoreRegularizationSummaryModule" name="Search_with_Mandatory_Fields" time="14.295"/>
  <system-out/>
  <testcase classname="com.test.CoreRegularizationSummary_Module.AllScenarios_CoreRegularizationSummaryModule" name="Allocate_to_Field_Dropdown_Selection" time="3.283"/>
  <system-out/>
  <testcase classname="com.test.CoreRegularizationSummary_Module.AllScenarios_CoreRegularizationSummaryModule" name="Select_Call_Centre_Field_Dropdown_Selection" time="3.346"/>
  <system-out/>
  <testcase classname="com.test.CoreRegularizationSummary_Module.AllScenarios_CoreRegularizationSummaryModule" name="Assign_Button_Validation_Message" time="16.909"/>
  <system-out/>
  <testcase classname="com.test.CoreRegularizationSummary_Module.AllScenarios_CoreRegularizationSummaryModule" name="Side_Menu_Call_Centre_Listing" time="8.643"/>
  <system-out/>
  <testcase classname="com.test.CoreRegularizationSummary_Module.AllScenarios_CoreRegularizationSummaryModule" name="Sub_Menu_Regularization_Summary_Listing" time="3.121"/>
  <system-out/>
  <testcase classname="com.test.CoreRegularizationSummary_Module.AllScenarios_CoreRegularizationSummaryModule" name="Click_Regularization_Summary" time="5.889"/>
  <system-out/>
  <testcase classname="com.test.CoreRegularizationSummary_Module.AllScenarios_CoreRegularizationSummaryModule" name="Regularization_Summary_Page_Dropdown_and_Search" time="3.055"/>
  <system-out/>
  <testcase classname="com.test.CoreRegularizationSummary_Module.AllScenarios_CoreRegularizationSummaryModule" name="Click_Search_Without_Selecting_Dropdown" time="8.473"/>
  <system-out/>
  <testcase classname="com.test.CoreRegularizationSummary_Module.AllScenarios_CoreRegularizationSummaryModule" name="Dropdown_Callcentre_Name" time="3.207"/>
  <system-out/>
  <testcase classname="com.test.CoreRegularizationSummary_Module.AllScenarios_CoreRegularizationSummaryModule" name="Search_Regularization_Summary" time="6.391"/>
  <system-out/>
  <testcase classname="com.test.CoreRegularizationSummary_Module.AllScenarios_CoreRegularizationSummaryModule" name="Download_the_regularization_summary_report" time="7.927"/>
  <system-out/>
  <testcase classname="com.test.CoreRegularizationSummary_Module.AllScenarios_CoreRegularizationSummaryModule" name="Data_Verification_in_Downloaded_File" time="3.262"/>
  <system-out/>
  <testcase classname="com.test.CoreRegularizationSummary_Module.AllScenarios_CoreRegularizationSummaryModule" name="Download_the_regularization_summary_report_" time="9.518"/>
  <system-out/>
  <testcase classname="com.test.CoreRegularizationSummary_Module.AllScenarios_CoreRegularizationSummaryModule" name="Validate_Downloaded_File" time="0.242">
    <failure message="Downloaded file data does not match grid data. expected [true] but found [false]" type="java.lang.AssertionError">
      <![CDATA[java.lang.AssertionError: Downloaded file data does not match grid data. expected [true] but found [false]
at org.testng.Assert.fail(Assert.java:99)
at org.testng.Assert.failNotEquals(Assert.java:1037)
at org.testng.Assert.assertTrue(Assert.java:45)
at com.test.CoreRegularizationSummary_Module.AllScenarios_CoreRegularizationSummaryModule.Validate_Downloaded_File(AllScenarios_CoreRegularizationSummaryModule.java:462)
at java.base/jdk.internal.reflect.DirectMethodHandleAccessor.invoke(DirectMethodHandleAccessor.java:103)
at java.base/java.lang.reflect.Method.invoke(Method.java:580)
at org.testng.internal.MethodInvocationHelper.invokeMethod(MethodInvocationHelper.java:133)
at org.testng.internal.TestInvoker.invokeMethod(TestInvoker.java:598)
at org.testng.internal.TestInvoker.invokeTestMethod(TestInvoker.java:173)
at org.testng.internal.MethodRunner.runInSequence(MethodRunner.java:46)
at org.testng.internal.TestInvoker$MethodInvocationAgent.invoke(TestInvoker.java:824)
at org.testng.internal.TestInvoker.invokeTestMethods(TestInvoker.java:146)
at org.testng.internal.TestMethodWorker.invokeTestMethods(TestMethodWorker.java:146)
at org.testng.internal.TestMethodWorker.run(TestMethodWorker.java:128)
at java.base/java.util.ArrayList.forEach(ArrayList.java:1597)
at org.testng.TestRunner.privateRun(TestRunner.java:794)
at org.testng.TestRunner.run(TestRunner.java:596)
at org.testng.SuiteRunner.runTest(SuiteRunner.java:377)
at org.testng.SuiteRunner.runSequentially(SuiteRunner.java:371)
at org.testng.SuiteRunner.privateRun(SuiteRunner.java:332)
at org.testng.SuiteRunner.run(SuiteRunner.java:276)
at org.testng.SuiteRunnerWorker.runSuite(SuiteRunnerWorker.java:53)
at org.testng.SuiteRunnerWorker.run(SuiteRunnerWorker.java:96)
at org.testng.TestNG.runSuitesSequentially(TestNG.java:1212)
at org.testng.TestNG.runSuitesLocally(TestNG.java:1134)
at org.testng.TestNG.runSuites(TestNG.java:1063)
at org.testng.TestNG.run(TestNG.java:1031)
at org.testng.remote.AbstractRemoteTestNG.run(AbstractRemoteTestNG.java:115)
at org.testng.remote.RemoteTestNG.initAndRun(RemoteTestNG.java:293)
at org.testng.remote.RemoteTestNG.main(RemoteTestNG.java:91)
]]>
    </failure>
  </testcase> <!-- Validate_Downloaded_File -->
  <system-out/>
</testsuite> <!-- com.test.CoreRegularizationSummary_Module.AllScenarios_CoreRegularizationSummaryModule -->
